<?xml version="1.0" encoding="UTF-8"?>
<testng-results ignored="0" total="1" passed="1" failed="0" skipped="0">
  <reporter-output>
  </reporter-output>
  <suite started-at="2024-08-14T16:09:08 IST" name="Default suite" finished-at="2024-08-14T16:09:32 IST" duration-ms="23657">
    <groups>
    </groups>
    <test started-at="2024-08-14T16:09:08 IST" name="Default test" finished-at="2024-08-14T16:09:32 IST" duration-ms="23657">
      <class name="testpkg.AmazonTest">
        <test-method is-config="true" signature="setup()[pri:0, instance:testpkg.AmazonTest@54422e18]" started-at="2024-08-14T16:09:08 IST" name="setup" finished-at="2024-08-14T16:09:12 IST" duration-ms="3912" status="PASS">
          <reporter-output>
          </reporter-output>
        </test-method> <!-- setup -->
        <test-method signature="test()[pri:0, instance:testpkg.AmazonTest@54422e18]" started-at="2024-08-14T16:09:12 IST" name="test" finished-at="2024-08-14T16:09:32 IST" duration-ms="19414" status="PASS">
          <reporter-output>
          </reporter-output>
        </test-method> <!-- test -->
        <test-method is-config="true" signature="teardown()[pri:0, instance:testpkg.AmazonTest@54422e18]" started-at="2024-08-14T16:09:32 IST" name="teardown" finished-at="2024-08-14T16:09:32 IST" duration-ms="295" status="PASS">
          <reporter-output>
          </reporter-output>
        </test-method> <!-- teardown -->
      </class> <!-- testpkg.AmazonTest -->
    </test> <!-- Default test -->
  </suite> <!-- Default suite -->
</testng-results>
